[2019-08-05 08:59:44] production.ERROR: Symfony\Component\Debug\Exception\FatalThrowableError: Call to undefined function asset() in C:\Users\gujie-code-king\Desktop\Code\Packages\Consultancy\storage\framework\views\323355b99a25046cdf19b8da09bd8e1e35d16928.php:8
Stack trace:
#0 C:\Users\gujie-code-king\Desktop\Code\Packages\Consultancy\vendor\illuminate\view\Engines\PhpEngine.php(43): include()
#1 C:\Users\gujie-code-king\Desktop\Code\Packages\Consultancy\vendor\illuminate\view\Engines\CompilerEngine.php(59): Illuminate\View\Engines\PhpEngine->evaluatePath('C:\\Users\\gujie-...', Array)
#2 C:\Users\gujie-code-king\Desktop\Code\Packages\Consultancy\vendor\illuminate\view\View.php(142): Illuminate\View\Engines\CompilerEngine->get('C:\\Users\\gujie-...', Array)
#3 C:\Users\gujie-code-king\Desktop\Code\Packages\Consultancy\vendor\illuminate\view\View.php(125): Illuminate\View\View->getContents()
#4 C:\Users\gujie-code-king\Desktop\Code\Packages\Consultancy\vendor\illuminate\view\View.php(90): Illuminate\View\View->renderContents()
#5 C:\Users\gujie-code-king\Desktop\Code\Packages\Consultancy\vendor\illuminate\http\Response.php(42): Illuminate\View\View->render()
#6 C:\Users\gujie-code-king\Desktop\Code\Packages\Consultancy\vendor\symfony\http-foundation\Response.php(202): Illuminate\Http\Response->setContent(Object(Illuminate\View\View))
#7 C:\Users\gujie-code-king\Desktop\Code\Packages\Consultancy\vendor\laravel\lumen-framework\src\Concerns\RoutesRequests.php(436): Symfony\Component\HttpFoundation\Response->__construct(Object(Illuminate\View\View))
#8 C:\Users\gujie-code-king\Desktop\Code\Packages\Consultancy\vendor\laravel\lumen-framework\src\Concerns\RoutesRequests.php(289): Laravel\Lumen\Application->prepareResponse(Object(Illuminate\View\View))
#9 C:\Users\gujie-code-king\Desktop\Code\Packages\Consultancy\vendor\laravel\lumen-framework\src\Concerns\RoutesRequests.php(263): Laravel\Lumen\Application->callActionOnArrayBasedRoute(Array)
#10 C:\Users\gujie-code-king\Desktop\Code\Packages\Consultancy\vendor\laravel\lumen-framework\src\Concerns\RoutesRequests.php(165): Laravel\Lumen\Application->handleFoundRoute(Array)
#11 C:\Users\gujie-code-king\Desktop\Code\Packages\Consultancy\vendor\laravel\lumen-framework\src\Concerns\RoutesRequests.php(416): Laravel\Lumen\Application->Laravel\Lumen\Concerns\{closure}(Object(Laravel\Lumen\Http\Request))
#12 C:\Users\gujie-code-king\Desktop\Code\Packages\Consultancy\vendor\laravel\lumen-framework\src\Concerns\RoutesRequests.php(171): Laravel\Lumen\Application->sendThroughPipeline(Array, Object(Closure))
#13 C:\Users\gujie-code-king\Desktop\Code\Packages\Consultancy\vendor\laravel\lumen-framework\src\Concerns\RoutesRequests.php(108): Laravel\Lumen\Application->dispatch(NULL)
#14 C:\Users\gujie-code-king\Desktop\Code\Packages\Consultancy\public\index.php(28): Laravel\Lumen\Application->run()
#15 {main}

Next ErrorException: Call to undefined function asset() (View: C:\Users\gujie-code-king\Desktop\Code\Packages\Consultancy\resources\views\index.blade.php) in C:\Users\gujie-code-king\Desktop\Code\Packages\Consultancy\storage\framework\views\323355b99a25046cdf19b8da09bd8e1e35d16928.php:8
Stack trace:
#0 C:\Users\gujie-code-king\Desktop\Code\Packages\Consultancy\vendor\illuminate\view\Engines\PhpEngine.php(47): Illuminate\View\Engines\CompilerEngine->handleViewException(Object(Symfony\Component\Debug\Exception\FatalThrowableError), 1)
#1 C:\Users\gujie-code-king\Desktop\Code\Packages\Consultancy\vendor\illuminate\view\Engines\CompilerEngine.php(59): Illuminate\View\Engines\PhpEngine->evaluatePath('C:\\Users\\gujie-...', Array)
#2 C:\Users\gujie-code-king\Desktop\Code\Packages\Consultancy\vendor\illuminate\view\View.php(142): Illuminate\View\Engines\CompilerEngine->get('C:\\Users\\gujie-...', Array)
#3 C:\Users\gujie-code-king\Desktop\Code\Packages\Consultancy\vendor\illuminate\view\View.php(125): Illuminate\View\View->getContents()
#4 C:\Users\gujie-code-king\Desktop\Code\Packages\Consultancy\vendor\illuminate\view\View.php(90): Illuminate\View\View->renderContents()
#5 C:\Users\gujie-code-king\Desktop\Code\Packages\Consultancy\vendor\illuminate\http\Response.php(42): Illuminate\View\View->render()
#6 C:\Users\gujie-code-king\Desktop\Code\Packages\Consultancy\vendor\symfony\http-foundation\Response.php(202): Illuminate\Http\Response->setContent(Object(Illuminate\View\View))
#7 C:\Users\gujie-code-king\Desktop\Code\Packages\Consultancy\vendor\laravel\lumen-framework\src\Concerns\RoutesRequests.php(436): Symfony\Component\HttpFoundation\Response->__construct(Object(Illuminate\View\View))
#8 C:\Users\gujie-code-king\Desktop\Code\Packages\Consultancy\vendor\laravel\lumen-framework\src\Concerns\RoutesRequests.php(289): Laravel\Lumen\Application->prepareResponse(Object(Illuminate\View\View))
#9 C:\Users\gujie-code-king\Desktop\Code\Packages\Consultancy\vendor\laravel\lumen-framework\src\Concerns\RoutesRequests.php(263): Laravel\Lumen\Application->callActionOnArrayBasedRoute(Array)
#10 C:\Users\gujie-code-king\Desktop\Code\Packages\Consultancy\vendor\laravel\lumen-framework\src\Concerns\RoutesRequests.php(165): Laravel\Lumen\Application->handleFoundRoute(Array)
#11 C:\Users\gujie-code-king\Desktop\Code\Packages\Consultancy\vendor\laravel\lumen-framework\src\Concerns\RoutesRequests.php(416): Laravel\Lumen\Application->Laravel\Lumen\Concerns\{closure}(Object(Laravel\Lumen\Http\Request))
#12 C:\Users\gujie-code-king\Desktop\Code\Packages\Consultancy\vendor\laravel\lumen-framework\src\Concerns\RoutesRequests.php(171): Laravel\Lumen\Application->sendThroughPipeline(Array, Object(Closure))
#13 C:\Users\gujie-code-king\Desktop\Code\Packages\Consultancy\vendor\laravel\lumen-framework\src\Concerns\RoutesRequests.php(108): Laravel\Lumen\Application->dispatch(NULL)
#14 C:\Users\gujie-code-king\Desktop\Code\Packages\Consultancy\public\index.php(28): Laravel\Lumen\Application->run()
#15 {main} {"exception":"[object] (ErrorException(code: 0): Call to undefined function asset() (View: C:\\Users\\gujie-code-king\\Desktop\\Code\\Packages\\Consultancy\esources\\views\\index.blade.php) at C:\\Users\\gujie-code-king\\Desktop\\Code\\Packages\\Consultancy\\storage\\framework\\views\\323355b99a25046cdf19b8da09bd8e1e35d16928.php:8, Symfony\\Component\\Debug\\Exception\\FatalThrowableError(code: 0): Call to undefined function asset() at C:\\Users\\gujie-code-king\\Desktop\\Code\\Packages\\Consultancy\\storage\\framework\\views\\323355b99a25046cdf19b8da09bd8e1e35d16928.php:8)
[stacktrace]
#0 C:\\Users\\gujie-code-king\\Desktop\\Code\\Packages\\Consultancy\\vendor\\illuminate\\view\\Engines\\PhpEngine.php(47): Illuminate\\View\\Engines\\CompilerEngine->handleViewException(Object(Symfony\\Component\\Debug\\Exception\\FatalThrowableError), 1)
#1 C:\\Users\\gujie-code-king\\Desktop\\Code\\Packages\\Consultancy\\vendor\\illuminate\\view\\Engines\\CompilerEngine.php(59): Illuminate\\View\\Engines\\PhpEngine->evaluatePath('C:\\\\Users\\\\gujie-...', Array)
#2 C:\\Users\\gujie-code-king\\Desktop\\Code\\Packages\\Consultancy\\vendor\\illuminate\\view\\View.php(142): Illuminate\\View\\Engines\\CompilerEngine->get('C:\\\\Users\\\\gujie-...', Array)
#3 C:\\Users\\gujie-code-king\\Desktop\\Code\\Packages\\Consultancy\\vendor\\illuminate\\view\\View.php(125): Illuminate\\View\\View->getContents()
#4 C:\\Users\\gujie-code-king\\Desktop\\Code\\Packages\\Consultancy\\vendor\\illuminate\\view\\View.php(90): Illuminate\\View\\View->renderContents()
#5 C:\\Users\\gujie-code-king\\Desktop\\Code\\Packages\\Consultancy\\vendor\\illuminate\\http\\Response.php(42): Illuminate\\View\\View->render()
#6 C:\\Users\\gujie-code-king\\Desktop\\Code\\Packages\\Consultancy\\vendor\\symfony\\http-foundation\\Response.php(202): Illuminate\\Http\\Response->setContent(Object(Illuminate\\View\\View))
#7 C:\\Users\\gujie-code-king\\Desktop\\Code\\Packages\\Consultancy\\vendor\\laravel\\lumen-framework\\src\\Concerns\\RoutesRequests.php(436): Symfony\\Component\\HttpFoundation\\Response->__construct(Object(Illuminate\\View\\View))
#8 C:\\Users\\gujie-code-king\\Desktop\\Code\\Packages\\Consultancy\\vendor\\laravel\\lumen-framework\\src\\Concerns\\RoutesRequests.php(289): Laravel\\Lumen\\Application->prepareResponse(Object(Illuminate\\View\\View))
#9 C:\\Users\\gujie-code-king\\Desktop\\Code\\Packages\\Consultancy\\vendor\\laravel\\lumen-framework\\src\\Concerns\\RoutesRequests.php(263): Laravel\\Lumen\\Application->callActionOnArrayBasedRoute(Array)
#10 C:\\Users\\gujie-code-king\\Desktop\\Code\\Packages\\Consultancy\\vendor\\laravel\\lumen-framework\\src\\Concerns\\RoutesRequests.php(165): Laravel\\Lumen\\Application->handleFoundRoute(Array)
#11 C:\\Users\\gujie-code-king\\Desktop\\Code\\Packages\\Consultancy\\vendor\\laravel\\lumen-framework\\src\\Concerns\\RoutesRequests.php(416): Laravel\\Lumen\\Application->Laravel\\Lumen\\Concerns\\{closure}(Object(Laravel\\Lumen\\Http\\Request))
#12 C:\\Users\\gujie-code-king\\Desktop\\Code\\Packages\\Consultancy\\vendor\\laravel\\lumen-framework\\src\\Concerns\\RoutesRequests.php(171): Laravel\\Lumen\\Application->sendThroughPipeline(Array, Object(Closure))
#13 C:\\Users\\gujie-code-king\\Desktop\\Code\\Packages\\Consultancy\\vendor\\laravel\\lumen-framework\\src\\Concerns\\RoutesRequests.php(108): Laravel\\Lumen\\Application->dispatch(NULL)
#14 C:\\Users\\gujie-code-king\\Desktop\\Code\\Packages\\Consultancy\\public\\index.php(28): Laravel\\Lumen\\Application->run()
#15 {main}
"} 
[2019-08-05 08:59:44] production.ERROR: Symfony\Component\Debug\Exception\FatalThrowableError: Call to undefined function asset() in C:\Users\gujie-code-king\Desktop\Code\Packages\Consultancy\storage\framework\views\323355b99a25046cdf19b8da09bd8e1e35d16928.php:8
Stack trace:
#0 C:\Users\gujie-code-king\Desktop\Code\Packages\Consultancy\vendor\illuminate\view\Engines\PhpEngine.php(43): include()
#1 C:\Users\gujie-code-king\Desktop\Code\Packages\Consultancy\vendor\illuminate\view\Engines\CompilerEngine.php(59): Illuminate\View\Engines\PhpEngine->evaluatePath('C:\\Users\\gujie-...', Array)
#2 C:\Users\gujie-code-king\Desktop\Code\Packages\Consultancy\vendor\illuminate\view\View.php(142): Illuminate\View\Engines\CompilerEngine->get('C:\\Users\\gujie-...', Array)
#3 C:\Users\gujie-code-king\Desktop\Code\Packages\Consultancy\vendor\illuminate\view\View.php(125): Illuminate\View\View->getContents()
#4 C:\Users\gujie-code-king\Desktop\Code\Packages\Consultancy\vendor\illuminate\view\View.php(90): Illuminate\View\View->renderContents()
#5 C:\Users\gujie-code-king\Desktop\Code\Packages\Consultancy\vendor\illuminate\http\Response.php(42): Illuminate\View\View->render()
#6 C:\Users\gujie-code-king\Desktop\Code\Packages\Consultancy\vendor\symfony\http-foundation\Response.php(202): Illuminate\Http\Response->setContent(Object(Illuminate\View\View))
#7 C:\Users\gujie-code-king\Desktop\Code\Packages\Consultancy\vendor\laravel\lumen-framework\src\Concerns\RoutesRequests.php(436): Symfony\Component\HttpFoundation\Response->__construct(Object(Illuminate\View\View))
#8 C:\Users\gujie-code-king\Desktop\Code\Packages\Consultancy\vendor\laravel\lumen-framework\src\Concerns\RoutesRequests.php(289): Laravel\Lumen\Application->prepareResponse(Object(Illuminate\View\View))
#9 C:\Users\gujie-code-king\Desktop\Code\Packages\Consultancy\vendor\laravel\lumen-framework\src\Concerns\RoutesRequests.php(263): Laravel\Lumen\Application->callActionOnArrayBasedRoute(Array)
#10 C:\Users\gujie-code-king\Desktop\Code\Packages\Consultancy\vendor\laravel\lumen-framework\src\Concerns\RoutesRequests.php(165): Laravel\Lumen\Application->handleFoundRoute(Array)
#11 C:\Users\gujie-code-king\Desktop\Code\Packages\Consultancy\vendor\laravel\lumen-framework\src\Concerns\RoutesRequests.php(416): Laravel\Lumen\Application->Laravel\Lumen\Concerns\{closure}(Object(Laravel\Lumen\Http\Request))
#12 C:\Users\gujie-code-king\Desktop\Code\Packages\Consultancy\vendor\laravel\lumen-framework\src\Concerns\RoutesRequests.php(171): Laravel\Lumen\Application->sendThroughPipeline(Array, Object(Closure))
#13 C:\Users\gujie-code-king\Desktop\Code\Packages\Consultancy\vendor\laravel\lumen-framework\src\Concerns\RoutesRequests.php(108): Laravel\Lumen\Application->dispatch(NULL)
#14 C:\Users\gujie-code-king\Desktop\Code\Packages\Consultancy\public\index.php(28): Laravel\Lumen\Application->run()
#15 {main}

Next ErrorException: Call to undefined function asset() (View: C:\Users\gujie-code-king\Desktop\Code\Packages\Consultancy\resources\views\index.blade.php) in C:\Users\gujie-code-king\Desktop\Code\Packages\Consultancy\storage\framework\views\323355b99a25046cdf19b8da09bd8e1e35d16928.php:8
Stack trace:
#0 C:\Users\gujie-code-king\Desktop\Code\Packages\Consultancy\vendor\illuminate\view\Engines\PhpEngine.php(47): Illuminate\View\Engines\CompilerEngine->handleViewException(Object(Symfony\Component\Debug\Exception\FatalThrowableError), 1)
#1 C:\Users\gujie-code-king\Desktop\Code\Packages\Consultancy\vendor\illuminate\view\Engines\CompilerEngine.php(59): Illuminate\View\Engines\PhpEngine->evaluatePath('C:\\Users\\gujie-...', Array)
#2 C:\Users\gujie-code-king\Desktop\Code\Packages\Consultancy\vendor\illuminate\view\View.php(142): Illuminate\View\Engines\CompilerEngine->get('C:\\Users\\gujie-...', Array)
#3 C:\Users\gujie-code-king\Desktop\Code\Packages\Consultancy\vendor\illuminate\view\View.php(125): Illuminate\View\View->getContents()
#4 C:\Users\gujie-code-king\Desktop\Code\Packages\Consultancy\vendor\illuminate\view\View.php(90): Illuminate\View\View->renderContents()
#5 C:\Users\gujie-code-king\Desktop\Code\Packages\Consultancy\vendor\illuminate\http\Response.php(42): Illuminate\View\View->render()
#6 C:\Users\gujie-code-king\Desktop\Code\Packages\Consultancy\vendor\symfony\http-foundation\Response.php(202): Illuminate\Http\Response->setContent(Object(Illuminate\View\View))
#7 C:\Users\gujie-code-king\Desktop\Code\Packages\Consultancy\vendor\laravel\lumen-framework\src\Concerns\RoutesRequests.php(436): Symfony\Component\HttpFoundation\Response->__construct(Object(Illuminate\View\View))
#8 C:\Users\gujie-code-king\Desktop\Code\Packages\Consultancy\vendor\laravel\lumen-framework\src\Concerns\RoutesRequests.php(289): Laravel\Lumen\Application->prepareResponse(Object(Illuminate\View\View))
#9 C:\Users\gujie-code-king\Desktop\Code\Packages\Consultancy\vendor\laravel\lumen-framework\src\Concerns\RoutesRequests.php(263): Laravel\Lumen\Application->callActionOnArrayBasedRoute(Array)
#10 C:\Users\gujie-code-king\Desktop\Code\Packages\Consultancy\vendor\laravel\lumen-framework\src\Concerns\RoutesRequests.php(165): Laravel\Lumen\Application->handleFoundRoute(Array)
#11 C:\Users\gujie-code-king\Desktop\Code\Packages\Consultancy\vendor\laravel\lumen-framework\src\Concerns\RoutesRequests.php(416): Laravel\Lumen\Application->Laravel\Lumen\Concerns\{closure}(Object(Laravel\Lumen\Http\Request))
#12 C:\Users\gujie-code-king\Desktop\Code\Packages\Consultancy\vendor\laravel\lumen-framework\src\Concerns\RoutesRequests.php(171): Laravel\Lumen\Application->sendThroughPipeline(Array, Object(Closure))
#13 C:\Users\gujie-code-king\Desktop\Code\Packages\Consultancy\vendor\laravel\lumen-framework\src\Concerns\RoutesRequests.php(108): Laravel\Lumen\Application->dispatch(NULL)
#14 C:\Users\gujie-code-king\Desktop\Code\Packages\Consultancy\public\index.php(28): Laravel\Lumen\Application->run()
#15 {main} {"exception":"[object] (ErrorException(code: 0): Call to undefined function asset() (View: C:\\Users\\gujie-code-king\\Desktop\\Code\\Packages\\Consultancy\esources\\views\\index.blade.php) at C:\\Users\\gujie-code-king\\Desktop\\Code\\Packages\\Consultancy\\storage\\framework\\views\\323355b99a25046cdf19b8da09bd8e1e35d16928.php:8, Symfony\\Component\\Debug\\Exception\\FatalThrowableError(code: 0): Call to undefined function asset() at C:\\Users\\gujie-code-king\\Desktop\\Code\\Packages\\Consultancy\\storage\\framework\\views\\323355b99a25046cdf19b8da09bd8e1e35d16928.php:8)
[stacktrace]
#0 C:\\Users\\gujie-code-king\\Desktop\\Code\\Packages\\Consultancy\\vendor\\illuminate\\view\\Engines\\PhpEngine.php(47): Illuminate\\View\\Engines\\CompilerEngine->handleViewException(Object(Symfony\\Component\\Debug\\Exception\\FatalThrowableError), 1)
#1 C:\\Users\\gujie-code-king\\Desktop\\Code\\Packages\\Consultancy\\vendor\\illuminate\\view\\Engines\\CompilerEngine.php(59): Illuminate\\View\\Engines\\PhpEngine->evaluatePath('C:\\\\Users\\\\gujie-...', Array)
#2 C:\\Users\\gujie-code-king\\Desktop\\Code\\Packages\\Consultancy\\vendor\\illuminate\\view\\View.php(142): Illuminate\\View\\Engines\\CompilerEngine->get('C:\\\\Users\\\\gujie-...', Array)
#3 C:\\Users\\gujie-code-king\\Desktop\\Code\\Packages\\Consultancy\\vendor\\illuminate\\view\\View.php(125): Illuminate\\View\\View->getContents()
#4 C:\\Users\\gujie-code-king\\Desktop\\Code\\Packages\\Consultancy\\vendor\\illuminate\\view\\View.php(90): Illuminate\\View\\View->renderContents()
#5 C:\\Users\\gujie-code-king\\Desktop\\Code\\Packages\\Consultancy\\vendor\\illuminate\\http\\Response.php(42): Illuminate\\View\\View->render()
#6 C:\\Users\\gujie-code-king\\Desktop\\Code\\Packages\\Consultancy\\vendor\\symfony\\http-foundation\\Response.php(202): Illuminate\\Http\\Response->setContent(Object(Illuminate\\View\\View))
#7 C:\\Users\\gujie-code-king\\Desktop\\Code\\Packages\\Consultancy\\vendor\\laravel\\lumen-framework\\src\\Concerns\\RoutesRequests.php(436): Symfony\\Component\\HttpFoundation\\Response->__construct(Object(Illuminate\\View\\View))
#8 C:\\Users\\gujie-code-king\\Desktop\\Code\\Packages\\Consultancy\\vendor\\laravel\\lumen-framework\\src\\Concerns\\RoutesRequests.php(289): Laravel\\Lumen\\Application->prepareResponse(Object(Illuminate\\View\\View))
#9 C:\\Users\\gujie-code-king\\Desktop\\Code\\Packages\\Consultancy\\vendor\\laravel\\lumen-framework\\src\\Concerns\\RoutesRequests.php(263): Laravel\\Lumen\\Application->callActionOnArrayBasedRoute(Array)
#10 C:\\Users\\gujie-code-king\\Desktop\\Code\\Packages\\Consultancy\\vendor\\laravel\\lumen-framework\\src\\Concerns\\RoutesRequests.php(165): Laravel\\Lumen\\Application->handleFoundRoute(Array)
#11 C:\\Users\\gujie-code-king\\Desktop\\Code\\Packages\\Consultancy\\vendor\\laravel\\lumen-framework\\src\\Concerns\\RoutesRequests.php(416): Laravel\\Lumen\\Application->Laravel\\Lumen\\Concerns\\{closure}(Object(Laravel\\Lumen\\Http\\Request))
#12 C:\\Users\\gujie-code-king\\Desktop\\Code\\Packages\\Consultancy\\vendor\\laravel\\lumen-framework\\src\\Concerns\\RoutesRequests.php(171): Laravel\\Lumen\\Application->sendThroughPipeline(Array, Object(Closure))
#13 C:\\Users\\gujie-code-king\\Desktop\\Code\\Packages\\Consultancy\\vendor\\laravel\\lumen-framework\\src\\Concerns\\RoutesRequests.php(108): Laravel\\Lumen\\Application->dispatch(NULL)
#14 C:\\Users\\gujie-code-king\\Desktop\\Code\\Packages\\Consultancy\\public\\index.php(28): Laravel\\Lumen\\Application->run()
#15 {main}
"} 
